<?xml version="1.0" encoding="UTF-8"?>
<!-- Generated by org.testng.reporters.JUnitXMLReporter -->
<testsuite hostname="LAPTOP-NVHNPNHC" name="Test" tests="4" failures="0" timestamp="26 Oct 2017 18:25:37 GMT" time="35.244" errors="0">
  <testcase name="basePageNavigation" time="11.858" classname="Mavenproject.Acadamey.HomePage"/>
  <testcase name="basePageNavigation" time="2.968" classname="Mavenproject.Acadamey.HomePage"/>
  <testcase name="basePageNavigation" time="2.755" classname="Mavenproject.Acadamey.HomePage"/>
  <testcase name="basePageNavigation" time="8.643" classname="Mavenproject.Acadamey.Validatethenavbar"/>
</testsuite> <!-- Test -->
