<?xml version="1.0" encoding="UTF-8"?>
<!-- Generated by org.testng.reporters.JUnitXMLReporter -->
<testsuite hostname="LAPTOP-NVHNPNHC" name="validating home page" tests="3" failures="0" timestamp="25 Jan 2018 18:29:21 GMT" time="31.348" errors="0">
  <testcase name="basePageNavigation" time="15.02" classname="Mavenproject.Acadamey.HomePage"/>
  <testcase name="basePageNavigation" time="3.282" classname="Mavenproject.Acadamey.HomePage"/>
  <testcase name="basePageNavigation" time="3.595" classname="Mavenproject.Acadamey.HomePage"/>
</testsuite> <!-- validating home page -->
