<?xml version="1.0" encoding="UTF-8"?>
<!-- Generated by org.testng.reporters.JUnitXMLReporter -->
<testsuite hostname="LAPTOP-NVHNPNHC" name="smoketest" tests="14" failures="0" timestamp="3 Oct 2017 16:53:51 GMT" time="20.068" errors="0">
  <testcase name="easy1print" time="0.007" classname="testNg.Annotation2"/>
  <testcase name="easyprint" time="0.004" classname="testNg.Annotation2"/>
  <testcase name="openingBrowser" time="10.284" classname="testNg.DependencyAnnotation"/>
  <testcase name="login" time="5.081" classname="testNg.DependencyAnnotation"/>
  <testcase name="printmethod1" time="0.003" classname="testNg.DependencyAnnotation"/>
  <testcase name="printmethod" time="0.001" classname="testNg.DependencyAnnotation"/>
  <testcase name="printmethod" time="0.001" classname="testNg.DependencyAnnotation"/>
  <testcase name="printmethod" time="0.002" classname="testNg.DependencyAnnotation"/>
  <testcase name="flightbooking" time="0.001" classname="testNg.DependencyAnnotation"/>
  <testcase name="printmethod1" time="0.001" classname="testNg.Testbase"/>
  <testcase name="login" time="4.62" classname="testNg.Testbase"/>
  <testcase name="printmethod" time="0.002" classname="testNg.Testbase"/>
  <testcase name="printmethod" time="0.001" classname="testNg.Testbase"/>
  <testcase name="printmethod" time="0.003" classname="testNg.Testbase"/>
</testsuite> <!-- smoketest -->
