<?xml version="1.0" encoding="UTF-8"?>
<!-- Generated by org.testng.reporters.JUnitXMLReporter -->
<testsuite hostname="LAPTOP-NVHNPNHC" name="IE" tests="1" failures="0" timestamp="20 Jan 2018 00:15:43 GMT" time="2.951" errors="0">
  <testcase name="@BeforeClass OpenBrowser" time="0.0" classname="crossbrowserandparlleltestsing.crossbrowsertesting">
    <failure type="java.lang.NullPointerException">
      <![CDATA[java.lang.NullPointerException
	at crossbrowserandparlleltestsing.crossbrowsertesting.OpenBrowser(crossbrowsertesting.java:40)
... Removed 24 stack frames]]>
    </failure>
  </testcase> <!-- @BeforeClass OpenBrowser -->
  <testcase name="@AfterClass close" time="0.0" classname="crossbrowserandparlleltestsing.crossbrowsertesting">
    <skipped/>
  </testcase> <!-- @AfterClass close -->
  <testcase name="Login" time="0.0" classname="crossbrowserandparlleltestsing.crossbrowsertesting">
    <skipped/>
  </testcase> <!-- Login -->
</testsuite> <!-- IE -->
