<?xml version="1.0" encoding="UTF-8"?>
<!-- Generated by org.testng.reporters.JUnitXMLReporter -->
<testsuite hostname="LAPTOP-NVHNPNHC" name="Test" tests="4" failures="0" timestamp="26 Oct 2017 18:00:29 GMT" time="57.028" errors="0">
  <testcase name="basePageNavigation" time="14.815" classname="Mavenproject.Acadamey.HomePage"/>
  <testcase name="basePageNavigation" time="14.769" classname="Mavenproject.Acadamey.HomePage"/>
  <testcase name="basePageNavigation" time="13.721" classname="Mavenproject.Acadamey.HomePage"/>
  <testcase name="basePageNavigation" time="13.7" classname="Mavenproject.Acadamey.Validatethenavbar"/>
</testsuite> <!-- Test -->
