<?xml version="1.0" encoding="UTF-8"?>
<!-- Generated by org.testng.reporters.JUnitXMLReporter -->
<testsuite hostname="LAPTOP-NVHNPNHC" name="validating home page" tests="3" failures="0" timestamp="10 Nov 2017 22:18:24 GMT" time="35.425" errors="0">
  <testcase name="basePageNavigation" time="15.006" classname="Mavenproject.Acadamey.HomePage"/>
  <testcase name="basePageNavigation" time="4.372" classname="Mavenproject.Acadamey.HomePage"/>
  <testcase name="basePageNavigation" time="2.352" classname="Mavenproject.Acadamey.HomePage"/>
</testsuite> <!-- validating home page -->
