<?xml version="1.0" encoding="UTF-8"?>
<testng-results skipped="0" failed="0" total="14" passed="14">
  <reporter-output>
  </reporter-output>
  <suite name="automation" duration-ms="20068" started-at="2017-10-03T16:53:31Z" finished-at="2017-10-03T16:53:51Z">
    <groups>
    </groups>
    <test name="smoketest" duration-ms="20068" started-at="2017-10-03T16:53:31Z" finished-at="2017-10-03T16:53:51Z">
      <class name="testNg.Testbase">
        <test-method status="PASS" signature="printmethod1()[pri:0, instance:testNg.Testbase@5e5792a0]" name="printmethod1" duration-ms="1" started-at="2017-10-03T09:53:46Z" finished-at="2017-10-03T09:53:46Z">
          <reporter-output>
          </reporter-output>
        </test-method> <!-- printmethod1 -->
        <test-method status="PASS" signature="login()[pri:0, instance:testNg.Testbase@5e5792a0]" name="login" duration-ms="4620" started-at="2017-10-03T09:53:46Z" finished-at="2017-10-03T09:53:51Z">
          <reporter-output>
          </reporter-output>
        </test-method> <!-- login -->
        <test-method status="PASS" signature="printmethod(java.lang.String, java.lang.String, java.lang.String)[pri:0, instance:testNg.Testbase@5e5792a0]" name="printmethod" duration-ms="2" started-at="2017-10-03T09:53:51Z" data-provider="getdata" finished-at="2017-10-03T09:53:51Z">
          <params>
            <param index="0">
              <value>
                <![CDATA[abc]]>
              </value>
            </param>
            <param index="1">
              <value>
                <![CDATA[fbc]]>
              </value>
            </param>
            <param index="2">
              <value>
                <![CDATA[wbc]]>
              </value>
            </param>
          </params>
          <reporter-output>
          </reporter-output>
        </test-method> <!-- printmethod -->
        <test-method status="PASS" signature="printmethod(java.lang.String, java.lang.String, java.lang.String)[pri:0, instance:testNg.Testbase@5e5792a0]" name="printmethod" duration-ms="1" started-at="2017-10-03T09:53:51Z" data-provider="getdata" finished-at="2017-10-03T09:53:51Z">
          <params>
            <param index="0">
              <value>
                <![CDATA[abc]]>
              </value>
            </param>
            <param index="1">
              <value>
                <![CDATA[fbc]]>
              </value>
            </param>
            <param index="2">
              <value>
                <![CDATA[wbc]]>
              </value>
            </param>
          </params>
          <reporter-output>
          </reporter-output>
        </test-method> <!-- printmethod -->
        <test-method status="PASS" signature="printmethod(java.lang.String, java.lang.String, java.lang.String)[pri:0, instance:testNg.Testbase@5e5792a0]" name="printmethod" duration-ms="3" started-at="2017-10-03T09:53:51Z" data-provider="getdata" finished-at="2017-10-03T09:53:51Z">
          <params>
            <param index="0">
              <value>
                <![CDATA[abc]]>
              </value>
            </param>
            <param index="1">
              <value>
                <![CDATA[fbc]]>
              </value>
            </param>
            <param index="2">
              <value>
                <![CDATA[wbc]]>
              </value>
            </param>
          </params>
          <reporter-output>
          </reporter-output>
        </test-method> <!-- printmethod -->
      </class> <!-- testNg.Testbase -->
      <class name="testNg.Annotation2">
        <test-method status="PASS" signature="printme()[pri:0, instance:testNg.Annotation2@1e88b3c]" name="printme" is-config="true" duration-ms="14" started-at="2017-10-03T09:53:31Z" finished-at="2017-10-03T09:53:31Z">
          <reporter-output>
          </reporter-output>
        </test-method> <!-- printme -->
        <test-method status="PASS" signature="printme2()[pri:0, instance:testNg.Annotation2@1e88b3c]" name="printme2" is-config="true" duration-ms="1" started-at="2017-10-03T09:53:31Z" finished-at="2017-10-03T09:53:31Z">
          <reporter-output>
          </reporter-output>
        </test-method> <!-- printme2 -->
        <test-method status="PASS" signature="easy1print()[pri:0, instance:testNg.Annotation2@1e88b3c]" name="easy1print" duration-ms="7" started-at="2017-10-03T09:53:31Z" finished-at="2017-10-03T09:53:31Z">
          <reporter-output>
          </reporter-output>
        </test-method> <!-- easy1print -->
        <test-method status="PASS" signature="printme3()[pri:0, instance:testNg.Annotation2@1e88b3c]" name="printme3" is-config="true" duration-ms="0" started-at="2017-10-03T09:53:31Z" finished-at="2017-10-03T09:53:31Z">
          <reporter-output>
          </reporter-output>
        </test-method> <!-- printme3 -->
        <test-method status="PASS" signature="easyprint()[pri:0, instance:testNg.Annotation2@1e88b3c]" name="easyprint" duration-ms="4" started-at="2017-10-03T09:53:31Z" finished-at="2017-10-03T09:53:31Z">
          <reporter-output>
          </reporter-output>
        </test-method> <!-- easyprint -->
        <test-method status="PASS" signature="printme2()[pri:0, instance:testNg.Annotation2@1e88b3c]" name="printme2" is-config="true" duration-ms="0" started-at="2017-10-03T09:53:31Z" finished-at="2017-10-03T09:53:31Z">
          <reporter-output>
          </reporter-output>
        </test-method> <!-- printme2 -->
        <test-method status="PASS" signature="printme3()[pri:0, instance:testNg.Annotation2@1e88b3c]" name="printme3" is-config="true" duration-ms="0" started-at="2017-10-03T09:53:31Z" finished-at="2017-10-03T09:53:31Z">
          <reporter-output>
          </reporter-output>
        </test-method> <!-- printme3 -->
        <test-method status="PASS" signature="printme1()[pri:0, instance:testNg.Annotation2@1e88b3c]" name="printme1" is-config="true" duration-ms="0" started-at="2017-10-03T09:53:51Z" finished-at="2017-10-03T09:53:51Z">
          <reporter-output>
          </reporter-output>
        </test-method> <!-- printme1 -->
      </class> <!-- testNg.Annotation2 -->
      <class name="testNg.DependencyAnnotation">
        <test-method status="PASS" signature="openingBrowser()[pri:0, instance:testNg.DependencyAnnotation@3e6fa38a]" name="openingBrowser" duration-ms="10284" started-at="2017-10-03T09:53:31Z" finished-at="2017-10-03T09:53:41Z">
          <reporter-output>
          </reporter-output>
        </test-method> <!-- openingBrowser -->
        <test-method status="PASS" signature="login()[pri:0, instance:testNg.DependencyAnnotation@3e6fa38a]" name="login" duration-ms="5081" started-at="2017-10-03T09:53:41Z" finished-at="2017-10-03T09:53:46Z">
          <reporter-output>
          </reporter-output>
        </test-method> <!-- login -->
        <test-method status="PASS" signature="printmethod1()[pri:0, instance:testNg.DependencyAnnotation@3e6fa38a]" name="printmethod1" duration-ms="3" started-at="2017-10-03T09:53:46Z" finished-at="2017-10-03T09:53:46Z">
          <reporter-output>
          </reporter-output>
        </test-method> <!-- printmethod1 -->
        <test-method status="PASS" signature="printmethod(java.lang.String, java.lang.String, java.lang.String)[pri:0, instance:testNg.DependencyAnnotation@3e6fa38a]" name="printmethod" duration-ms="1" started-at="2017-10-03T09:53:46Z" data-provider="getdata" finished-at="2017-10-03T09:53:46Z">
          <params>
            <param index="0">
              <value>
                <![CDATA[abc]]>
              </value>
            </param>
            <param index="1">
              <value>
                <![CDATA[fbc]]>
              </value>
            </param>
            <param index="2">
              <value>
                <![CDATA[wbc]]>
              </value>
            </param>
          </params>
          <reporter-output>
          </reporter-output>
        </test-method> <!-- printmethod -->
        <test-method status="PASS" signature="printmethod(java.lang.String, java.lang.String, java.lang.String)[pri:0, instance:testNg.DependencyAnnotation@3e6fa38a]" name="printmethod" duration-ms="1" started-at="2017-10-03T09:53:46Z" data-provider="getdata" finished-at="2017-10-03T09:53:46Z">
          <params>
            <param index="0">
              <value>
                <![CDATA[abc]]>
              </value>
            </param>
            <param index="1">
              <value>
                <![CDATA[fbc]]>
              </value>
            </param>
            <param index="2">
              <value>
                <![CDATA[wbc]]>
              </value>
            </param>
          </params>
          <reporter-output>
          </reporter-output>
        </test-method> <!-- printmethod -->
        <test-method status="PASS" signature="printmethod(java.lang.String, java.lang.String, java.lang.String)[pri:0, instance:testNg.DependencyAnnotation@3e6fa38a]" name="printmethod" duration-ms="2" started-at="2017-10-03T09:53:46Z" data-provider="getdata" finished-at="2017-10-03T09:53:46Z">
          <params>
            <param index="0">
              <value>
                <![CDATA[abc]]>
              </value>
            </param>
            <param index="1">
              <value>
                <![CDATA[fbc]]>
              </value>
            </param>
            <param index="2">
              <value>
                <![CDATA[wbc]]>
              </value>
            </param>
          </params>
          <reporter-output>
          </reporter-output>
        </test-method> <!-- printmethod -->
        <test-method status="PASS" signature="flightbooking()[pri:0, instance:testNg.DependencyAnnotation@3e6fa38a]" name="flightbooking" duration-ms="1" started-at="2017-10-03T09:53:46Z" depends-on-methods="testNg.DependencyAnnotation.openingBrowser" finished-at="2017-10-03T09:53:46Z">
          <reporter-output>
          </reporter-output>
        </test-method> <!-- flightbooking -->
      </class> <!-- testNg.DependencyAnnotation -->
    </test> <!-- smoketest -->
  </suite> <!-- automation -->
</testng-results>
