<?xml version="1.0" encoding="UTF-8"?>
<testng-results skipped="0" failed="0" total="1" passed="1">
  <reporter-output>
  </reporter-output>
  <suite name="Default suite" duration-ms="15309" started-at="2017-11-10T23:12:34Z" finished-at="2017-11-10T23:12:49Z">
    <groups>
    </groups>
    <test name="Default test" duration-ms="15309" started-at="2017-11-10T23:12:34Z" finished-at="2017-11-10T23:12:49Z">
      <class name="Mavenproject.Acadamey.Validatethenavbar">
        <test-method status="PASS" signature="openmethod()[pri:0, instance:Mavenproject.Acadamey.Validatethenavbar@5e5792a0]" name="openmethod" is-config="true" duration-ms="2708" started-at="2017-11-10T16:12:34Z" finished-at="2017-11-10T16:12:36Z">
          <reporter-output>
          </reporter-output>
        </test-method> <!-- openmethod -->
        <test-method status="PASS" signature="basePageNavigation()[pri:0, instance:Mavenproject.Acadamey.Validatethenavbar@5e5792a0]" name="basePageNavigation" duration-ms="10280" started-at="2017-11-10T16:12:36Z" finished-at="2017-11-10T16:12:47Z">
          <reporter-output>
          </reporter-output>
        </test-method> <!-- basePageNavigation -->
        <test-method status="PASS" signature="closemethod()[pri:0, instance:Mavenproject.Acadamey.Validatethenavbar@5e5792a0]" name="closemethod" is-config="true" duration-ms="2311" started-at="2017-11-10T16:12:47Z" finished-at="2017-11-10T16:12:49Z">
          <reporter-output>
          </reporter-output>
        </test-method> <!-- closemethod -->
      </class> <!-- Mavenproject.Acadamey.Validatethenavbar -->
    </test> <!-- Default test -->
  </suite> <!-- Default suite -->
</testng-results>
